1710433797.417596 client started (147250): version 3.0a, socket /tmp//tmux-21011/default, protocol 8
1710433797.417640 on Linux 5.15.0-94-generic #104~20.04.1-Ubuntu SMP Tue Jan 16 13:34:09 UTC 2024; libevent 2.1.11-stable (poll)
1710433797.417666 socket is /tmp//tmux-21011/default
1710433797.417686 trying connect
1710433797.417782 add peer 0x55d74e7167f0: 6 ((nil))
1710433797.417890 sending message 100 to peer 0x55d74e7167f0 (4 bytes)
1710433797.417901 sending message 101 to peer 0x55d74e7167f0 (7 bytes)
1710433797.417909 sending message 102 to peer 0x55d74e7167f0 (11 bytes)
1710433797.417916 sending message 108 to peer 0x55d74e7167f0 (31 bytes)
1710433797.417924 sending message 104 to peer 0x55d74e7167f0 (0 bytes)
1710433797.417932 sending message 107 to peer 0x55d74e7167f0 (4 bytes)
1710433797.417940 sending message 105 to peer 0x55d74e7167f0 (16 bytes)
1710433797.417947 sending message 105 to peer 0x55d74e7167f0 (94 bytes)
1710433797.417955 sending message 105 to peer 0x55d74e7167f0 (18 bytes)
1710433797.417962 sending message 105 to peer 0x55d74e7167f0 (19 bytes)
1710433797.417970 sending message 105 to peer 0x55d74e7167f0 (20 bytes)
1710433797.417977 sending message 105 to peer 0x55d74e7167f0 (45 bytes)
1710433797.417984 sending message 105 to peer 0x55d74e7167f0 (23 bytes)
1710433797.417992 sending message 105 to peer 0x55d74e7167f0 (44 bytes)
1710433797.417999 sending message 105 to peer 0x55d74e7167f0 (39 bytes)
1710433797.418007 sending message 105 to peer 0x55d74e7167f0 (46 bytes)
1710433797.418014 sending message 105 to peer 0x55d74e7167f0 (32 bytes)
1710433797.418021 sending message 105 to peer 0x55d74e7167f0 (42 bytes)
1710433797.418028 sending message 105 to peer 0x55d74e7167f0 (65 bytes)
1710433797.418035 sending message 105 to peer 0x55d74e7167f0 (20 bytes)
1710433797.418042 sending message 105 to peer 0x55d74e7167f0 (23 bytes)
1710433797.418050 sending message 105 to peer 0x55d74e7167f0 (21 bytes)
1710433797.418057 sending message 105 to peer 0x55d74e7167f0 (28 bytes)
1710433797.418068 sending message 105 to peer 0x55d74e7167f0 (35 bytes)
1710433797.418075 sending message 105 to peer 0x55d74e7167f0 (27 bytes)
1710433797.418082 sending message 105 to peer 0x55d74e7167f0 (20 bytes)
1710433797.418088 sending message 105 to peer 0x55d74e7167f0 (21 bytes)
1710433797.418095 sending message 105 to peer 0x55d74e7167f0 (42 bytes)
1710433797.418103 sending message 105 to peer 0x55d74e7167f0 (53 bytes)
1710433797.418110 sending message 105 to peer 0x55d74e7167f0 (42 bytes)
1710433797.418117 sending message 105 to peer 0x55d74e7167f0 (22 bytes)
1710433797.418124 sending message 105 to peer 0x55d74e7167f0 (13 bytes)
1710433797.418131 sending message 105 to peer 0x55d74e7167f0 (23 bytes)
1710433797.418138 sending message 105 to peer 0x55d74e7167f0 (21 bytes)
1710433797.418145 sending message 105 to peer 0x55d74e7167f0 (18 bytes)
1710433797.418151 sending message 105 to peer 0x55d74e7167f0 (17 bytes)
1710433797.418159 sending message 105 to peer 0x55d74e7167f0 (1506 bytes)
1710433797.418183 sending message 105 to peer 0x55d74e7167f0 (33 bytes)
1710433797.418191 sending message 105 to peer 0x55d74e7167f0 (47 bytes)
1710433797.418199 sending message 105 to peer 0x55d74e7167f0 (18 bytes)
1710433797.418206 sending message 105 to peer 0x55d74e7167f0 (57 bytes)
1710433797.418213 sending message 105 to peer 0x55d74e7167f0 (34 bytes)
1710433797.418221 sending message 105 to peer 0x55d74e7167f0 (23 bytes)
1710433797.418228 sending message 105 to peer 0x55d74e7167f0 (12 bytes)
1710433797.418235 sending message 105 to peer 0x55d74e7167f0 (32 bytes)
1710433797.418243 sending message 105 to peer 0x55d74e7167f0 (17 bytes)
1710433797.418250 sending message 105 to peer 0x55d74e7167f0 (14 bytes)
1710433797.418257 sending message 105 to peer 0x55d74e7167f0 (11 bytes)
1710433797.418265 sending message 105 to peer 0x55d74e7167f0 (8 bytes)
1710433797.418272 sending message 105 to peer 0x55d74e7167f0 (18 bytes)
1710433797.418279 sending message 105 to peer 0x55d74e7167f0 (32 bytes)
1710433797.418286 sending message 105 to peer 0x55d74e7167f0 (27 bytes)
1710433797.418303 sending message 105 to peer 0x55d74e7167f0 (85 bytes)
1710433797.418311 sending message 105 to peer 0x55d74e7167f0 (460 bytes)
1710433797.418319 sending message 105 to peer 0x55d74e7167f0 (39 bytes)
1710433797.418326 sending message 105 to peer 0x55d74e7167f0 (18 bytes)
1710433797.418334 sending message 105 to peer 0x55d74e7167f0 (55 bytes)
1710433797.418341 sending message 105 to peer 0x55d74e7167f0 (17 bytes)
1710433797.418348 sending message 105 to peer 0x55d74e7167f0 (29 bytes)
1710433797.418355 sending message 105 to peer 0x55d74e7167f0 (36 bytes)
1710433797.418363 sending message 105 to peer 0x55d74e7167f0 (16 bytes)
1710433797.418370 sending message 105 to peer 0x55d74e7167f0 (46 bytes)
1710433797.418378 sending message 106 to peer 0x55d74e7167f0 (0 bytes)
1710433797.418386 cmd_pack_argv: argv[0]=source
1710433797.418394 cmd_pack_argv: argv[1]=/home/bauertaylor/.config/tmux/tmux.conf
1710433797.418402 sending message 200 to peer 0x55d74e7167f0 (52 bytes)
1710433797.418409 client loop enter
1710433797.544275 peer 0x55d74e7167f0 message 203
1710433797.544305 client loop exit
