1710433861.097857 client started (148582): version 3.0a, socket /tmp//tmux-21011/default, protocol 8
1710433861.097902 on Linux 5.15.0-94-generic #104~20.04.1-Ubuntu SMP Tue Jan 16 13:34:09 UTC 2024; libevent 2.1.11-stable (poll)
1710433861.097929 socket is /tmp//tmux-21011/default
1710433861.097948 trying connect
1710433861.098046 add peer 0x55de304f27f0: 6 ((nil))
1710433861.098155 sending message 100 to peer 0x55de304f27f0 (4 bytes)
1710433861.098167 sending message 101 to peer 0x55de304f27f0 (7 bytes)
1710433861.098175 sending message 102 to peer 0x55de304f27f0 (11 bytes)
1710433861.098183 sending message 108 to peer 0x55de304f27f0 (31 bytes)
1710433861.098191 sending message 104 to peer 0x55de304f27f0 (0 bytes)
1710433861.098199 sending message 107 to peer 0x55de304f27f0 (4 bytes)
1710433861.098207 sending message 105 to peer 0x55de304f27f0 (16 bytes)
1710433861.098215 sending message 105 to peer 0x55de304f27f0 (94 bytes)
1710433861.098223 sending message 105 to peer 0x55de304f27f0 (18 bytes)
1710433861.098230 sending message 105 to peer 0x55de304f27f0 (19 bytes)
1710433861.098238 sending message 105 to peer 0x55de304f27f0 (20 bytes)
1710433861.098246 sending message 105 to peer 0x55de304f27f0 (45 bytes)
1710433861.098254 sending message 105 to peer 0x55de304f27f0 (23 bytes)
1710433861.098261 sending message 105 to peer 0x55de304f27f0 (44 bytes)
1710433861.098269 sending message 105 to peer 0x55de304f27f0 (39 bytes)
1710433861.098277 sending message 105 to peer 0x55de304f27f0 (46 bytes)
1710433861.098284 sending message 105 to peer 0x55de304f27f0 (32 bytes)
1710433861.098291 sending message 105 to peer 0x55de304f27f0 (42 bytes)
1710433861.098298 sending message 105 to peer 0x55de304f27f0 (65 bytes)
1710433861.098306 sending message 105 to peer 0x55de304f27f0 (20 bytes)
1710433861.098313 sending message 105 to peer 0x55de304f27f0 (23 bytes)
1710433861.098320 sending message 105 to peer 0x55de304f27f0 (21 bytes)
1710433861.098327 sending message 105 to peer 0x55de304f27f0 (28 bytes)
1710433861.098338 sending message 105 to peer 0x55de304f27f0 (35 bytes)
1710433861.098346 sending message 105 to peer 0x55de304f27f0 (27 bytes)
1710433861.098353 sending message 105 to peer 0x55de304f27f0 (20 bytes)
1710433861.098360 sending message 105 to peer 0x55de304f27f0 (21 bytes)
1710433861.098368 sending message 105 to peer 0x55de304f27f0 (42 bytes)
1710433861.098375 sending message 105 to peer 0x55de304f27f0 (53 bytes)
1710433861.098383 sending message 105 to peer 0x55de304f27f0 (42 bytes)
1710433861.098390 sending message 105 to peer 0x55de304f27f0 (22 bytes)
1710433861.098397 sending message 105 to peer 0x55de304f27f0 (13 bytes)
1710433861.098405 sending message 105 to peer 0x55de304f27f0 (23 bytes)
1710433861.098412 sending message 105 to peer 0x55de304f27f0 (21 bytes)
1710433861.098419 sending message 105 to peer 0x55de304f27f0 (18 bytes)
1710433861.098427 sending message 105 to peer 0x55de304f27f0 (17 bytes)
1710433861.098434 sending message 105 to peer 0x55de304f27f0 (1506 bytes)
1710433861.098459 sending message 105 to peer 0x55de304f27f0 (33 bytes)
1710433861.098467 sending message 105 to peer 0x55de304f27f0 (47 bytes)
1710433861.098474 sending message 105 to peer 0x55de304f27f0 (18 bytes)
1710433861.098482 sending message 105 to peer 0x55de304f27f0 (57 bytes)
1710433861.098490 sending message 105 to peer 0x55de304f27f0 (34 bytes)
1710433861.098498 sending message 105 to peer 0x55de304f27f0 (23 bytes)
1710433861.098505 sending message 105 to peer 0x55de304f27f0 (12 bytes)
1710433861.098513 sending message 105 to peer 0x55de304f27f0 (32 bytes)
1710433861.098521 sending message 105 to peer 0x55de304f27f0 (17 bytes)
1710433861.098528 sending message 105 to peer 0x55de304f27f0 (14 bytes)
1710433861.098535 sending message 105 to peer 0x55de304f27f0 (11 bytes)
1710433861.098543 sending message 105 to peer 0x55de304f27f0 (8 bytes)
1710433861.098550 sending message 105 to peer 0x55de304f27f0 (18 bytes)
1710433861.098558 sending message 105 to peer 0x55de304f27f0 (32 bytes)
1710433861.098565 sending message 105 to peer 0x55de304f27f0 (27 bytes)
1710433861.098582 sending message 105 to peer 0x55de304f27f0 (85 bytes)
1710433861.098590 sending message 105 to peer 0x55de304f27f0 (460 bytes)
1710433861.098599 sending message 105 to peer 0x55de304f27f0 (39 bytes)
1710433861.098606 sending message 105 to peer 0x55de304f27f0 (18 bytes)
1710433861.098614 sending message 105 to peer 0x55de304f27f0 (55 bytes)
1710433861.098621 sending message 105 to peer 0x55de304f27f0 (17 bytes)
1710433861.098629 sending message 105 to peer 0x55de304f27f0 (29 bytes)
1710433861.098636 sending message 105 to peer 0x55de304f27f0 (36 bytes)
1710433861.098644 sending message 105 to peer 0x55de304f27f0 (16 bytes)
1710433861.098652 sending message 105 to peer 0x55de304f27f0 (46 bytes)
1710433861.098659 sending message 106 to peer 0x55de304f27f0 (0 bytes)
1710433861.098668 cmd_pack_argv: argv[0]=source
1710433861.098676 cmd_pack_argv: argv[1]=/home/bauertaylor/.config/tmux/tmux.conf
1710433861.098684 sending message 200 to peer 0x55de304f27f0 (52 bytes)
1710433861.098692 client loop enter
1710433861.615976 peer 0x55de304f27f0 message 213
1710433861.616017 client_write: '~/.tmux/plugins/tpm/tpm' returned 1\n
1710433861.616050 peer 0x55de304f27f0 message 203
1710433861.616063 client loop exit
