1710433833.722187 client started (147990): version 3.0a, socket /tmp//tmux-21011/default, protocol 8
1710433833.722230 on Linux 5.15.0-94-generic #104~20.04.1-Ubuntu SMP Tue Jan 16 13:34:09 UTC 2024; libevent 2.1.11-stable (poll)
1710433833.722256 socket is /tmp//tmux-21011/default
1710433833.722275 trying connect
1710433833.722372 add peer 0x55fbfc61c7f0: 6 ((nil))
1710433833.722482 sending message 100 to peer 0x55fbfc61c7f0 (4 bytes)
1710433833.722494 sending message 101 to peer 0x55fbfc61c7f0 (7 bytes)
1710433833.722502 sending message 102 to peer 0x55fbfc61c7f0 (11 bytes)
1710433833.722509 sending message 108 to peer 0x55fbfc61c7f0 (31 bytes)
1710433833.722517 sending message 104 to peer 0x55fbfc61c7f0 (0 bytes)
1710433833.722525 sending message 107 to peer 0x55fbfc61c7f0 (4 bytes)
1710433833.722532 sending message 105 to peer 0x55fbfc61c7f0 (16 bytes)
1710433833.722541 sending message 105 to peer 0x55fbfc61c7f0 (94 bytes)
1710433833.722549 sending message 105 to peer 0x55fbfc61c7f0 (18 bytes)
1710433833.722556 sending message 105 to peer 0x55fbfc61c7f0 (19 bytes)
1710433833.722563 sending message 105 to peer 0x55fbfc61c7f0 (20 bytes)
1710433833.722571 sending message 105 to peer 0x55fbfc61c7f0 (45 bytes)
1710433833.722578 sending message 105 to peer 0x55fbfc61c7f0 (23 bytes)
1710433833.722585 sending message 105 to peer 0x55fbfc61c7f0 (44 bytes)
1710433833.722592 sending message 105 to peer 0x55fbfc61c7f0 (39 bytes)
1710433833.722601 sending message 105 to peer 0x55fbfc61c7f0 (46 bytes)
1710433833.722608 sending message 105 to peer 0x55fbfc61c7f0 (32 bytes)
1710433833.722615 sending message 105 to peer 0x55fbfc61c7f0 (42 bytes)
1710433833.722623 sending message 105 to peer 0x55fbfc61c7f0 (65 bytes)
1710433833.722630 sending message 105 to peer 0x55fbfc61c7f0 (20 bytes)
1710433833.722637 sending message 105 to peer 0x55fbfc61c7f0 (23 bytes)
1710433833.722644 sending message 105 to peer 0x55fbfc61c7f0 (21 bytes)
1710433833.722650 sending message 105 to peer 0x55fbfc61c7f0 (28 bytes)
1710433833.722662 sending message 105 to peer 0x55fbfc61c7f0 (35 bytes)
1710433833.722669 sending message 105 to peer 0x55fbfc61c7f0 (27 bytes)
1710433833.722676 sending message 105 to peer 0x55fbfc61c7f0 (20 bytes)
1710433833.722683 sending message 105 to peer 0x55fbfc61c7f0 (21 bytes)
1710433833.722690 sending message 105 to peer 0x55fbfc61c7f0 (42 bytes)
1710433833.722697 sending message 105 to peer 0x55fbfc61c7f0 (53 bytes)
1710433833.722705 sending message 105 to peer 0x55fbfc61c7f0 (42 bytes)
1710433833.722712 sending message 105 to peer 0x55fbfc61c7f0 (22 bytes)
1710433833.722719 sending message 105 to peer 0x55fbfc61c7f0 (13 bytes)
1710433833.722817 sending message 105 to peer 0x55fbfc61c7f0 (23 bytes)
1710433833.722854 sending message 105 to peer 0x55fbfc61c7f0 (21 bytes)
1710433833.722862 sending message 105 to peer 0x55fbfc61c7f0 (18 bytes)
1710433833.722870 sending message 105 to peer 0x55fbfc61c7f0 (17 bytes)
1710433833.722878 sending message 105 to peer 0x55fbfc61c7f0 (1506 bytes)
1710433833.722924 sending message 105 to peer 0x55fbfc61c7f0 (33 bytes)
1710433833.722933 sending message 105 to peer 0x55fbfc61c7f0 (47 bytes)
1710433833.722941 sending message 105 to peer 0x55fbfc61c7f0 (18 bytes)
1710433833.722948 sending message 105 to peer 0x55fbfc61c7f0 (57 bytes)
1710433833.722956 sending message 105 to peer 0x55fbfc61c7f0 (34 bytes)
1710433833.722963 sending message 105 to peer 0x55fbfc61c7f0 (23 bytes)
1710433833.722971 sending message 105 to peer 0x55fbfc61c7f0 (12 bytes)
1710433833.722979 sending message 105 to peer 0x55fbfc61c7f0 (32 bytes)
1710433833.722986 sending message 105 to peer 0x55fbfc61c7f0 (17 bytes)
1710433833.722994 sending message 105 to peer 0x55fbfc61c7f0 (14 bytes)
1710433833.723001 sending message 105 to peer 0x55fbfc61c7f0 (11 bytes)
1710433833.723009 sending message 105 to peer 0x55fbfc61c7f0 (8 bytes)
1710433833.723016 sending message 105 to peer 0x55fbfc61c7f0 (18 bytes)
1710433833.723023 sending message 105 to peer 0x55fbfc61c7f0 (32 bytes)
1710433833.723031 sending message 105 to peer 0x55fbfc61c7f0 (27 bytes)
1710433833.723054 sending message 105 to peer 0x55fbfc61c7f0 (85 bytes)
1710433833.723062 sending message 105 to peer 0x55fbfc61c7f0 (460 bytes)
1710433833.723071 sending message 105 to peer 0x55fbfc61c7f0 (39 bytes)
1710433833.723078 sending message 105 to peer 0x55fbfc61c7f0 (18 bytes)
1710433833.723086 sending message 105 to peer 0x55fbfc61c7f0 (55 bytes)
1710433833.723093 sending message 105 to peer 0x55fbfc61c7f0 (17 bytes)
1710433833.723100 sending message 105 to peer 0x55fbfc61c7f0 (29 bytes)
1710433833.723108 sending message 105 to peer 0x55fbfc61c7f0 (36 bytes)
1710433833.723116 sending message 105 to peer 0x55fbfc61c7f0 (16 bytes)
1710433833.723123 sending message 105 to peer 0x55fbfc61c7f0 (46 bytes)
1710433833.723131 sending message 106 to peer 0x55fbfc61c7f0 (0 bytes)
1710433833.723141 cmd_pack_argv: argv[0]=source
1710433833.723149 cmd_pack_argv: argv[1]=/home/bauertaylor/.config/tmux/tmux.conf
1710433833.723157 sending message 200 to peer 0x55fbfc61c7f0 (52 bytes)
1710433833.723164 client loop enter
1710433833.907786 peer 0x55fbfc61c7f0 message 203
1710433833.907819 client loop exit
