1710433863.641938 client started (148767): version 3.0a, socket /tmp//tmux-21011/default, protocol 8
1710433863.641984 on Linux 5.15.0-94-generic #104~20.04.1-Ubuntu SMP Tue Jan 16 13:34:09 UTC 2024; libevent 2.1.11-stable (poll)
1710433863.642010 socket is /tmp//tmux-21011/default
1710433863.642032 trying connect
1710433863.642132 add peer 0x56473d1467f0: 6 ((nil))
1710433863.642239 sending message 100 to peer 0x56473d1467f0 (4 bytes)
1710433863.642251 sending message 101 to peer 0x56473d1467f0 (7 bytes)
1710433863.642259 sending message 102 to peer 0x56473d1467f0 (11 bytes)
1710433863.642267 sending message 108 to peer 0x56473d1467f0 (31 bytes)
1710433863.642275 sending message 104 to peer 0x56473d1467f0 (0 bytes)
1710433863.642283 sending message 107 to peer 0x56473d1467f0 (4 bytes)
1710433863.642291 sending message 105 to peer 0x56473d1467f0 (16 bytes)
1710433863.642298 sending message 105 to peer 0x56473d1467f0 (94 bytes)
1710433863.642306 sending message 105 to peer 0x56473d1467f0 (18 bytes)
1710433863.642314 sending message 105 to peer 0x56473d1467f0 (19 bytes)
1710433863.642321 sending message 105 to peer 0x56473d1467f0 (20 bytes)
1710433863.642329 sending message 105 to peer 0x56473d1467f0 (45 bytes)
1710433863.642337 sending message 105 to peer 0x56473d1467f0 (23 bytes)
1710433863.642344 sending message 105 to peer 0x56473d1467f0 (44 bytes)
1710433863.642351 sending message 105 to peer 0x56473d1467f0 (39 bytes)
1710433863.642358 sending message 105 to peer 0x56473d1467f0 (46 bytes)
1710433863.642365 sending message 105 to peer 0x56473d1467f0 (32 bytes)
1710433863.642373 sending message 105 to peer 0x56473d1467f0 (42 bytes)
1710433863.642380 sending message 105 to peer 0x56473d1467f0 (65 bytes)
1710433863.642387 sending message 105 to peer 0x56473d1467f0 (20 bytes)
1710433863.642394 sending message 105 to peer 0x56473d1467f0 (23 bytes)
1710433863.642401 sending message 105 to peer 0x56473d1467f0 (21 bytes)
1710433863.642408 sending message 105 to peer 0x56473d1467f0 (28 bytes)
1710433863.642419 sending message 105 to peer 0x56473d1467f0 (35 bytes)
1710433863.642426 sending message 105 to peer 0x56473d1467f0 (27 bytes)
1710433863.642433 sending message 105 to peer 0x56473d1467f0 (20 bytes)
1710433863.642441 sending message 105 to peer 0x56473d1467f0 (21 bytes)
1710433863.642448 sending message 105 to peer 0x56473d1467f0 (42 bytes)
1710433863.642455 sending message 105 to peer 0x56473d1467f0 (53 bytes)
1710433863.642462 sending message 105 to peer 0x56473d1467f0 (42 bytes)
1710433863.642469 sending message 105 to peer 0x56473d1467f0 (22 bytes)
1710433863.642476 sending message 105 to peer 0x56473d1467f0 (13 bytes)
1710433863.642484 sending message 105 to peer 0x56473d1467f0 (23 bytes)
1710433863.642491 sending message 105 to peer 0x56473d1467f0 (21 bytes)
1710433863.642498 sending message 105 to peer 0x56473d1467f0 (18 bytes)
1710433863.642505 sending message 105 to peer 0x56473d1467f0 (17 bytes)
1710433863.642513 sending message 105 to peer 0x56473d1467f0 (1506 bytes)
1710433863.642537 sending message 105 to peer 0x56473d1467f0 (33 bytes)
1710433863.642545 sending message 105 to peer 0x56473d1467f0 (47 bytes)
1710433863.642552 sending message 105 to peer 0x56473d1467f0 (18 bytes)
1710433863.642560 sending message 105 to peer 0x56473d1467f0 (57 bytes)
1710433863.642568 sending message 105 to peer 0x56473d1467f0 (34 bytes)
1710433863.642575 sending message 105 to peer 0x56473d1467f0 (23 bytes)
1710433863.642582 sending message 105 to peer 0x56473d1467f0 (12 bytes)
1710433863.642590 sending message 105 to peer 0x56473d1467f0 (32 bytes)
1710433863.642598 sending message 105 to peer 0x56473d1467f0 (17 bytes)
1710433863.642605 sending message 105 to peer 0x56473d1467f0 (14 bytes)
1710433863.642612 sending message 105 to peer 0x56473d1467f0 (11 bytes)
1710433863.642620 sending message 105 to peer 0x56473d1467f0 (8 bytes)
1710433863.642627 sending message 105 to peer 0x56473d1467f0 (18 bytes)
1710433863.642635 sending message 105 to peer 0x56473d1467f0 (32 bytes)
1710433863.642642 sending message 105 to peer 0x56473d1467f0 (27 bytes)
1710433863.642659 sending message 105 to peer 0x56473d1467f0 (85 bytes)
1710433863.642668 sending message 105 to peer 0x56473d1467f0 (460 bytes)
1710433863.642676 sending message 105 to peer 0x56473d1467f0 (39 bytes)
1710433863.642683 sending message 105 to peer 0x56473d1467f0 (18 bytes)
1710433863.642691 sending message 105 to peer 0x56473d1467f0 (55 bytes)
1710433863.642698 sending message 105 to peer 0x56473d1467f0 (17 bytes)
1710433863.642706 sending message 105 to peer 0x56473d1467f0 (29 bytes)
1710433863.642713 sending message 105 to peer 0x56473d1467f0 (36 bytes)
1710433863.642720 sending message 105 to peer 0x56473d1467f0 (16 bytes)
1710433863.642805 sending message 105 to peer 0x56473d1467f0 (46 bytes)
1710433863.642849 sending message 106 to peer 0x56473d1467f0 (0 bytes)
1710433863.642863 cmd_pack_argv: argv[0]=source
1710433863.642872 cmd_pack_argv: argv[1]=/home/bauertaylor/.config/tmux/tmux.conf
1710433863.642881 sending message 200 to peer 0x56473d1467f0 (52 bytes)
1710433863.642890 client loop enter
1710433864.146857 peer 0x56473d1467f0 message 213
1710433864.146891 client_write: '~/.tmux/plugins/tpm/tpm' returned 1\n
1710433864.146916 peer 0x56473d1467f0 message 203
1710433864.146926 client loop exit
