1710433850.138625 client started (148086): version 3.0a, socket /tmp//tmux-21011/default, protocol 8
1710433850.138669 on Linux 5.15.0-94-generic #104~20.04.1-Ubuntu SMP Tue Jan 16 13:34:09 UTC 2024; libevent 2.1.11-stable (poll)
1710433850.138695 socket is /tmp//tmux-21011/default
1710433850.138715 trying connect
1710433850.138868 add peer 0x5605adb697f0: 6 ((nil))
1710433850.138984 sending message 100 to peer 0x5605adb697f0 (4 bytes)
1710433850.138995 sending message 101 to peer 0x5605adb697f0 (7 bytes)
1710433850.139003 sending message 102 to peer 0x5605adb697f0 (11 bytes)
1710433850.139010 sending message 108 to peer 0x5605adb697f0 (31 bytes)
1710433850.139019 sending message 104 to peer 0x5605adb697f0 (0 bytes)
1710433850.139027 sending message 107 to peer 0x5605adb697f0 (4 bytes)
1710433850.139034 sending message 105 to peer 0x5605adb697f0 (16 bytes)
1710433850.139042 sending message 105 to peer 0x5605adb697f0 (94 bytes)
1710433850.139050 sending message 105 to peer 0x5605adb697f0 (18 bytes)
1710433850.139057 sending message 105 to peer 0x5605adb697f0 (19 bytes)
1710433850.139065 sending message 105 to peer 0x5605adb697f0 (20 bytes)
1710433850.139072 sending message 105 to peer 0x5605adb697f0 (45 bytes)
1710433850.139080 sending message 105 to peer 0x5605adb697f0 (23 bytes)
1710433850.139087 sending message 105 to peer 0x5605adb697f0 (44 bytes)
1710433850.139095 sending message 105 to peer 0x5605adb697f0 (39 bytes)
1710433850.139102 sending message 105 to peer 0x5605adb697f0 (46 bytes)
1710433850.139110 sending message 105 to peer 0x5605adb697f0 (32 bytes)
1710433850.139117 sending message 105 to peer 0x5605adb697f0 (42 bytes)
1710433850.139124 sending message 105 to peer 0x5605adb697f0 (65 bytes)
1710433850.139131 sending message 105 to peer 0x5605adb697f0 (20 bytes)
1710433850.139138 sending message 105 to peer 0x5605adb697f0 (23 bytes)
1710433850.139145 sending message 105 to peer 0x5605adb697f0 (21 bytes)
1710433850.139152 sending message 105 to peer 0x5605adb697f0 (28 bytes)
1710433850.139163 sending message 105 to peer 0x5605adb697f0 (35 bytes)
1710433850.139171 sending message 105 to peer 0x5605adb697f0 (27 bytes)
1710433850.139178 sending message 105 to peer 0x5605adb697f0 (20 bytes)
1710433850.139185 sending message 105 to peer 0x5605adb697f0 (21 bytes)
1710433850.139192 sending message 105 to peer 0x5605adb697f0 (42 bytes)
1710433850.139199 sending message 105 to peer 0x5605adb697f0 (53 bytes)
1710433850.139207 sending message 105 to peer 0x5605adb697f0 (42 bytes)
1710433850.139214 sending message 105 to peer 0x5605adb697f0 (22 bytes)
1710433850.139221 sending message 105 to peer 0x5605adb697f0 (13 bytes)
1710433850.139228 sending message 105 to peer 0x5605adb697f0 (23 bytes)
1710433850.139235 sending message 105 to peer 0x5605adb697f0 (21 bytes)
1710433850.139242 sending message 105 to peer 0x5605adb697f0 (18 bytes)
1710433850.139249 sending message 105 to peer 0x5605adb697f0 (17 bytes)
1710433850.139257 sending message 105 to peer 0x5605adb697f0 (1506 bytes)
1710433850.139281 sending message 105 to peer 0x5605adb697f0 (33 bytes)
1710433850.139289 sending message 105 to peer 0x5605adb697f0 (47 bytes)
1710433850.139297 sending message 105 to peer 0x5605adb697f0 (18 bytes)
1710433850.139305 sending message 105 to peer 0x5605adb697f0 (57 bytes)
1710433850.139312 sending message 105 to peer 0x5605adb697f0 (34 bytes)
1710433850.139320 sending message 105 to peer 0x5605adb697f0 (23 bytes)
1710433850.139327 sending message 105 to peer 0x5605adb697f0 (12 bytes)
1710433850.139334 sending message 105 to peer 0x5605adb697f0 (32 bytes)
1710433850.139342 sending message 105 to peer 0x5605adb697f0 (17 bytes)
1710433850.139349 sending message 105 to peer 0x5605adb697f0 (14 bytes)
1710433850.139357 sending message 105 to peer 0x5605adb697f0 (11 bytes)
1710433850.139365 sending message 105 to peer 0x5605adb697f0 (8 bytes)
1710433850.139372 sending message 105 to peer 0x5605adb697f0 (18 bytes)
1710433850.139379 sending message 105 to peer 0x5605adb697f0 (32 bytes)
1710433850.139386 sending message 105 to peer 0x5605adb697f0 (27 bytes)
1710433850.139405 sending message 105 to peer 0x5605adb697f0 (85 bytes)
1710433850.139414 sending message 105 to peer 0x5605adb697f0 (460 bytes)
1710433850.139422 sending message 105 to peer 0x5605adb697f0 (39 bytes)
1710433850.139430 sending message 105 to peer 0x5605adb697f0 (18 bytes)
1710433850.139437 sending message 105 to peer 0x5605adb697f0 (55 bytes)
1710433850.139445 sending message 105 to peer 0x5605adb697f0 (17 bytes)
1710433850.139452 sending message 105 to peer 0x5605adb697f0 (29 bytes)
1710433850.139459 sending message 105 to peer 0x5605adb697f0 (36 bytes)
1710433850.139467 sending message 105 to peer 0x5605adb697f0 (16 bytes)
1710433850.139474 sending message 105 to peer 0x5605adb697f0 (46 bytes)
1710433850.139482 sending message 106 to peer 0x5605adb697f0 (0 bytes)
1710433850.139491 cmd_pack_argv: argv[0]=source
1710433850.139499 cmd_pack_argv: argv[1]=/home/bauertaylor/.config/tmux/tmux.conf
1710433850.139507 sending message 200 to peer 0x5605adb697f0 (52 bytes)
1710433850.139514 client loop enter
1710433850.338952 peer 0x5605adb697f0 message 203
1710433850.338984 client loop exit
