1710433731.689478 client started (146748): version 3.0a, socket /tmp//tmux-21011/default, protocol 8
1710433731.689526 on Linux 5.15.0-94-generic #104~20.04.1-Ubuntu SMP Tue Jan 16 13:34:09 UTC 2024; libevent 2.1.11-stable (poll)
1710433731.689552 socket is /tmp//tmux-21011/default
1710433731.689570 trying connect
1710433731.689667 add peer 0x55dabd6697f0: 6 ((nil))
1710433731.689777 sending message 100 to peer 0x55dabd6697f0 (4 bytes)
1710433731.689789 sending message 101 to peer 0x55dabd6697f0 (7 bytes)
1710433731.689796 sending message 102 to peer 0x55dabd6697f0 (11 bytes)
1710433731.689804 sending message 108 to peer 0x55dabd6697f0 (31 bytes)
1710433731.689812 sending message 104 to peer 0x55dabd6697f0 (0 bytes)
1710433731.689819 sending message 107 to peer 0x55dabd6697f0 (4 bytes)
1710433731.689827 sending message 105 to peer 0x55dabd6697f0 (16 bytes)
1710433731.689835 sending message 105 to peer 0x55dabd6697f0 (94 bytes)
1710433731.689842 sending message 105 to peer 0x55dabd6697f0 (18 bytes)
1710433731.689851 sending message 105 to peer 0x55dabd6697f0 (19 bytes)
1710433731.689859 sending message 105 to peer 0x55dabd6697f0 (20 bytes)
1710433731.689866 sending message 105 to peer 0x55dabd6697f0 (45 bytes)
1710433731.689873 sending message 105 to peer 0x55dabd6697f0 (23 bytes)
1710433731.689880 sending message 105 to peer 0x55dabd6697f0 (44 bytes)
1710433731.689887 sending message 105 to peer 0x55dabd6697f0 (39 bytes)
1710433731.689895 sending message 105 to peer 0x55dabd6697f0 (46 bytes)
1710433731.689903 sending message 105 to peer 0x55dabd6697f0 (32 bytes)
1710433731.689910 sending message 105 to peer 0x55dabd6697f0 (42 bytes)
1710433731.689917 sending message 105 to peer 0x55dabd6697f0 (65 bytes)
1710433731.689924 sending message 105 to peer 0x55dabd6697f0 (20 bytes)
1710433731.689931 sending message 105 to peer 0x55dabd6697f0 (23 bytes)
1710433731.689938 sending message 105 to peer 0x55dabd6697f0 (21 bytes)
1710433731.689944 sending message 105 to peer 0x55dabd6697f0 (28 bytes)
1710433731.689955 sending message 105 to peer 0x55dabd6697f0 (35 bytes)
1710433731.689963 sending message 105 to peer 0x55dabd6697f0 (27 bytes)
1710433731.689970 sending message 105 to peer 0x55dabd6697f0 (20 bytes)
1710433731.689977 sending message 105 to peer 0x55dabd6697f0 (21 bytes)
1710433731.689984 sending message 105 to peer 0x55dabd6697f0 (42 bytes)
1710433731.689991 sending message 105 to peer 0x55dabd6697f0 (53 bytes)
1710433731.689998 sending message 105 to peer 0x55dabd6697f0 (42 bytes)
1710433731.690006 sending message 105 to peer 0x55dabd6697f0 (22 bytes)
1710433731.690013 sending message 105 to peer 0x55dabd6697f0 (13 bytes)
1710433731.690020 sending message 105 to peer 0x55dabd6697f0 (23 bytes)
1710433731.690027 sending message 105 to peer 0x55dabd6697f0 (21 bytes)
1710433731.690034 sending message 105 to peer 0x55dabd6697f0 (18 bytes)
1710433731.690041 sending message 105 to peer 0x55dabd6697f0 (17 bytes)
1710433731.690048 sending message 105 to peer 0x55dabd6697f0 (1506 bytes)
1710433731.690072 sending message 105 to peer 0x55dabd6697f0 (33 bytes)
1710433731.690080 sending message 105 to peer 0x55dabd6697f0 (47 bytes)
1710433731.690088 sending message 105 to peer 0x55dabd6697f0 (18 bytes)
1710433731.690096 sending message 105 to peer 0x55dabd6697f0 (57 bytes)
1710433731.690103 sending message 105 to peer 0x55dabd6697f0 (34 bytes)
1710433731.690110 sending message 105 to peer 0x55dabd6697f0 (23 bytes)
1710433731.690117 sending message 105 to peer 0x55dabd6697f0 (12 bytes)
1710433731.690125 sending message 105 to peer 0x55dabd6697f0 (32 bytes)
1710433731.690132 sending message 105 to peer 0x55dabd6697f0 (17 bytes)
1710433731.690139 sending message 105 to peer 0x55dabd6697f0 (14 bytes)
1710433731.690147 sending message 105 to peer 0x55dabd6697f0 (11 bytes)
1710433731.690154 sending message 105 to peer 0x55dabd6697f0 (8 bytes)
1710433731.690161 sending message 105 to peer 0x55dabd6697f0 (18 bytes)
1710433731.690168 sending message 105 to peer 0x55dabd6697f0 (32 bytes)
1710433731.690175 sending message 105 to peer 0x55dabd6697f0 (27 bytes)
1710433731.690192 sending message 105 to peer 0x55dabd6697f0 (85 bytes)
1710433731.690201 sending message 105 to peer 0x55dabd6697f0 (460 bytes)
1710433731.690209 sending message 105 to peer 0x55dabd6697f0 (39 bytes)
1710433731.690216 sending message 105 to peer 0x55dabd6697f0 (18 bytes)
1710433731.690224 sending message 105 to peer 0x55dabd6697f0 (55 bytes)
1710433731.690232 sending message 105 to peer 0x55dabd6697f0 (17 bytes)
1710433731.690239 sending message 105 to peer 0x55dabd6697f0 (29 bytes)
1710433731.690246 sending message 105 to peer 0x55dabd6697f0 (36 bytes)
1710433731.690253 sending message 105 to peer 0x55dabd6697f0 (16 bytes)
1710433731.690260 sending message 105 to peer 0x55dabd6697f0 (46 bytes)
1710433731.690267 sending message 106 to peer 0x55dabd6697f0 (0 bytes)
1710433731.690277 cmd_pack_argv: argv[0]=source
1710433731.690284 cmd_pack_argv: argv[1]=/home/bauertaylor/.config/tmux/tmux.conf
1710433731.690292 sending message 200 to peer 0x55dabd6697f0 (52 bytes)
1710433731.690299 client loop enter
1710433732.210857 peer 0x55dabd6697f0 message 213
1710433732.210896 client_write: '~/.tmux/plugins/tpm/tpm' returned 1\n
1710433732.210921 peer 0x55dabd6697f0 message 203
1710433732.210937 client loop exit
